\BOOKMARK [0][-]{chapter.1}{\376\377\000C\000o\000m\000p\000l\000e\000x\000\040\000N\000u\000m\000b\000e\000r\000s\000\040\000a\000n\000d\000\040\000F\000u\000n\000c\000t\000i\000o\000n\000s}{}% 1
\BOOKMARK [1][-]{section.1.1}{\376\377\000C\000o\000m\000p\000l\000e\000x\000\040\000N\000u\000m\000b\000e\000r\000s}{chapter.1}% 2
\BOOKMARK [2][-]{subsection.1.1.1}{\376\377\000P\000r\000o\000o\000f\000s}{section.1.1}% 3
\BOOKMARK [1][-]{section.1.2}{\376\377\000P\000o\000l\000a\000r\000\040\000F\000o\000r\000m}{chapter.1}% 4
\BOOKMARK [2][-]{subsection.1.2.1}{\376\377\000F\000a\000c\000t\000o\000r\000s\000\040\000o\000f\000\040\000P\000i}{section.1.2}% 5
\BOOKMARK [2][-]{subsection.1.2.2}{\376\377\000P\000r\000o\000o\000f\000s}{section.1.2}% 6
\BOOKMARK [2][-]{subsection.1.2.3}{\376\377\000I\000n\000c\000o\000m\000p\000l\000e\000t\000e\000\040\000P\000r\000o\000o\000f\000s}{section.1.2}% 7
\BOOKMARK [1][-]{section.1.3}{\376\377\000C\000o\000m\000p\000l\000e\000x\000\040\000V\000a\000l\000u\000e\000d\000\040\000F\000u\000n\000c\000t\000i\000o\000n\000s}{chapter.1}% 8
\BOOKMARK [2][-]{subsection.1.3.1}{\376\377\000P\000o\000w\000e\000r\000\040\000F\000u\000n\000c\000t\000i\000o\000n}{section.1.3}% 9
\BOOKMARK [2][-]{subsection.1.3.2}{\376\377\000P\000o\000l\000a\000r\000\040\000c\000o\000o\000r\000d\000i\000n\000a\000t\000e\000s}{section.1.3}% 10
\BOOKMARK [2][-]{subsection.1.3.3}{\376\377\000C\000l\000o\000s\000e\000d\000\040\000D\000i\000s\000c}{section.1.3}% 11
\BOOKMARK [2][-]{subsection.1.3.4}{\376\377\000P\000r\000o\000o\000f\000s}{section.1.3}% 12
\BOOKMARK [2][-]{subsection.1.3.5}{\376\377\000I\000n\000c\000o\000m\000p\000l\000e\000t\000e\000\040\000P\000r\000o\000o\000f\000s}{section.1.3}% 13
\BOOKMARK [1][-]{section.1.4}{\376\377\000L\000i\000m\000i\000t\000s\000\040\000a\000n\000d\000\040\000C\000o\000m\000p\000a\000c\000t\000\040\000S\000e\000t\000s}{chapter.1}% 14
\BOOKMARK [2][-]{subsection.1.4.1}{\376\377\000L\000i\000m\000i\000t\000s\000\040\000I\000n\000\040\000C}{section.1.4}% 15
\BOOKMARK [2][-]{subsection.1.4.2}{\376\377\000C\000o\000m\000p\000a\000c\000t\000\040\000S\000e\000t\000s}{section.1.4}% 16
\BOOKMARK [2][-]{subsection.1.4.3}{\376\377\000S\000e\000q\000u\000e\000n\000c\000e\000\040\000o\000f\000\040\000C\000o\000m\000p\000l\000e\000x\000\040\000N\000u\000m\000b\000e\000r\000s\000\040\000\050\000M\000y\000\040\000o\000w\000n\000\040\000s\000e\000c\000t\000i\000o\000n\000\051}{section.1.4}% 17
\BOOKMARK [2][-]{subsection.1.4.4}{\376\377\000P\000r\000o\000o\000f\000s}{section.1.4}% 18
\BOOKMARK [1][-]{section.1.5}{\376\377\000C\000o\000m\000p\000l\000e\000x\000\040\000D\000i\000f\000f\000e\000r\000e\000n\000t\000i\000a\000b\000i\000l\000i\000t\000y}{chapter.1}% 19
\BOOKMARK [2][-]{subsection.1.5.1}{\376\377\000H\000o\000l\000o\000m\000o\000r\000p\000h\000i\000c\000\040\000F\000u\000n\000c\000t\000i\000o\000n}{section.1.5}% 20
\BOOKMARK [2][-]{subsection.1.5.2}{\376\377\000P\000r\000o\000o\000f\000s}{section.1.5}% 21
\BOOKMARK [1][-]{section.1.6}{\376\377\000T\000h\000e\000\040\000C\000a\000u\000c\000h\000y\000-\000R\000e\000i\000m\000a\000n\000n\000\040\000E\000q\000u\000a\000t\000i\000o\000n\000s}{chapter.1}% 22
\BOOKMARK [2][-]{subsection.1.6.1}{\376\377\000P\000r\000o\000o\000f\000s}{section.1.6}% 23
\BOOKMARK [2][-]{subsection.1.6.2}{\376\377\000I\000n\000c\000o\000m\000p\000l\000e\000t\000e\000\040\000P\000r\000o\000o\000f\000s}{section.1.6}% 24
\BOOKMARK [1][-]{section.1.7}{\376\377\000A\000n\000g\000l\000e\000s\000\040\000U\000n\000d\000e\000r\000\040\000H\000o\000l\000o\000m\000o\000r\000p\000h\000i\000c\000\040\000M\000a\000p\000s}{chapter.1}% 25
\BOOKMARK [0][-]{chapter.2}{\376\377\000P\000o\000w\000e\000r\000\040\000S\000e\000r\000i\000e\000s}{}% 26
\BOOKMARK [1][-]{section.2.1}{\376\377\000F\000o\000r\000m\000a\000l\000\040\000P\000o\000w\000e\000r\000\040\000S\000e\000r\000i\000e\000s}{chapter.2}% 27
\BOOKMARK [2][-]{subsection.2.1.1}{\376\377\000P\000r\000o\000o\000f\000s}{section.2.1}% 28
\BOOKMARK [1][-]{section.2.2}{\376\377\000C\000o\000n\000v\000e\000r\000g\000e\000n\000t\000\040\000P\000o\000w\000e\000r\000\040\000S\000e\000r\000i\000e\000s}{chapter.2}% 29
\BOOKMARK [2][-]{subsection.2.2.1}{\376\377\000P\000r\000o\000o\000f\000s}{section.2.2}% 30
\BOOKMARK [1][-]{section.2.3}{\376\377\000R\000e\000l\000a\000t\000i\000o\000n\000s\000\040\000B\000e\000t\000w\000e\000e\000n\000\040\000F\000o\000r\000m\000a\000l\000\040\000a\000n\000d\000\040\000C\000o\000n\000v\000e\000r\000g\000e\000n\000t\000\040\000S\000e\000r\000i\000e\000s}{chapter.2}% 31
\BOOKMARK [2][-]{subsection.2.3.1}{\376\377\000P\000r\000o\000o\000f\000s}{section.2.3}% 32
\BOOKMARK [1][-]{section.2.4}{\376\377\000A\000n\000a\000l\000y\000t\000i\000c\000\040\000F\000u\000n\000c\000t\000i\000o\000n\000s}{chapter.2}% 33
\BOOKMARK [2][-]{subsection.2.4.1}{\376\377\000P\000r\000o\000o\000f\000s}{section.2.4}% 34
\BOOKMARK [1][-]{section.2.5}{\376\377\000D\000i\000f\000f\000e\000r\000e\000n\000t\000i\000a\000t\000i\000o\000n\000\040\000o\000f\000\040\000P\000o\000w\000e\000r\000\040\000S\000e\000r\000i\000e\000s}{chapter.2}% 35
\BOOKMARK [2][-]{subsection.2.5.1}{\376\377\000P\000r\000o\000o\000f\000s}{section.2.5}% 36
\BOOKMARK [1][-]{section.2.6}{\376\377\000T\000h\000e\000\040\000I\000n\000v\000e\000r\000s\000e\000\040\000a\000n\000d\000\040\000O\000p\000e\000n\000\040\000M\000a\000p\000p\000i\000n\000g\000\040\000T\000h\000e\000o\000r\000e\000m\000s}{chapter.2}% 37
\BOOKMARK [2][-]{subsection.2.6.1}{\376\377\000P\000r\000o\000o\000f\000s}{section.2.6}% 38
\BOOKMARK [1][-]{section.2.7}{\376\377\000T\000h\000e\000\040\000L\000o\000c\000a\000l\000\040\000M\000a\000x\000i\000m\000u\000m\000\040\000M\000o\000d\000u\000l\000u\000s\000\040\000P\000r\000i\000n\000c\000i\000p\000l\000e}{chapter.2}% 39
\BOOKMARK [2][-]{subsection.2.7.1}{\376\377\000P\000r\000o\000o\000f\000s}{section.2.7}% 40
\BOOKMARK [0][-]{chapter.3}{\376\377\000C\000a\000u\000c\000h\000y\000'\000s\000\040\000T\000h\000e\000o\000r\000e\000m\000,\000\040\000F\000i\000r\000s\000t\000\040\000P\000a\000r\000t}{}% 41
\BOOKMARK [1][-]{section.3.1}{\376\377\000H\000o\000l\000o\000m\000o\000r\000p\000h\000i\000c\000\040\000F\000u\000n\000c\000t\000i\000o\000n\000s\000\040\000o\000n\000\040\000C\000o\000n\000n\000e\000c\000t\000e\000d\000\040\000S\000e\000t\000s}{chapter.3}% 42
\BOOKMARK [2][-]{subsection.3.1.1}{\376\377\000p\000r\000o\000o\000f\000s}{section.3.1}% 43
\BOOKMARK [1][-]{section.3.2}{\376\377\000I\000n\000t\000e\000g\000r\000a\000l\000s\000\040\000O\000v\000e\000r\000\040\000P\000a\000t\000h\000s}{chapter.3}% 44
\BOOKMARK [2][-]{subsection.3.2.1}{\376\377\000p\000r\000o\000o\000f\000s}{section.3.2}% 45
\BOOKMARK [1][-]{section.3.3}{\376\377\000L\000o\000c\000a\000l\000\040\000P\000r\000i\000m\000i\000t\000i\000v\000e\000\040\000f\000o\000r\000\040\000a\000\040\000H\000o\000l\000o\000m\000o\000r\000p\000h\000i\000c\000\040\000F\000u\000n\000c\000t\000i\000o\000n}{chapter.3}% 46
\BOOKMARK [2][-]{subsection.3.3.1}{\376\377\000p\000r\000o\000o\000f\000s}{section.3.3}% 47
\BOOKMARK [1][-]{section.3.4}{\376\377\000A\000n\000o\000t\000h\000e\000\040\000D\000e\000s\000c\000r\000i\000p\000t\000i\000o\000n\000\040\000o\000f\000\040\000t\000h\000e\000\040\000I\000n\000t\000e\000g\000r\000a\000l\000\040\000A\000l\000o\000n\000g\000\040\000a\000\040\000P\000a\000t\000h}{chapter.3}% 48
\BOOKMARK [2][-]{subsection.3.4.1}{\376\377\000p\000r\000o\000o\000f\000s}{section.3.4}% 49
\BOOKMARK [1][-]{section.3.5}{\376\377\000T\000h\000e\000\040\000H\000o\000m\000o\000t\000o\000p\000y\000\040\000F\000o\000r\000m\000\040\000o\000f\000\040\000C\000a\000u\000c\000h\000y\000'\000s\000\040\000T\000h\000e\000o\000r\000e\000m}{chapter.3}% 50
\BOOKMARK [2][-]{subsection.3.5.1}{\376\377\000p\000r\000o\000o\000f\000s}{section.3.5}% 51
\BOOKMARK [1][-]{section.3.6}{\376\377\000E\000x\000i\000s\000t\000e\000n\000c\000e\000\040\000o\000f\000\040\000G\000l\000o\000b\000a\000l\000\040\000P\000r\000i\000m\000i\000t\000i\000v\000e\000s\000.\000\040\000D\000e\000f\000i\000n\000i\000t\000i\000o\000n\000\040\000o\000f\000\040\000t\000h\000e\000\040\000L\000o\000g\000a\000r\000i\000t\000h\000m}{chapter.3}% 52
\BOOKMARK [2][-]{subsection.3.6.1}{\376\377\000p\000r\000o\000o\000f\000s}{section.3.6}% 53
\BOOKMARK [1][-]{section.3.7}{\376\377\000T\000h\000e\000\040\000L\000o\000c\000a\000l\000\040\000C\000a\000u\000c\000h\000y\000\040\000F\000o\000r\000m\000u\000l\000a}{chapter.3}% 54
\BOOKMARK [2][-]{subsection.3.7.1}{\376\377\000p\000r\000o\000o\000f\000s}{section.3.7}% 55
